<?xml version="1.0" encoding="UTF-8"?>
<!-- Generated by org.testng.reporters.JUnitReportReporter -->
<testsuite hostname="DESKTOP-RVSID1U" failures="0" tests="1" name="com.apiautomation.firsttest.FirstApiTest" time="3.456" errors="0" timestamp="2023-04-25T12:05:50 IST" skipped="0">
  <testcase classname="com.apiautomation.firsttest.FirstApiTest" name="testPost" time="3.456"/>
  <system-out/>
</testsuite> <!-- com.apiautomation.firsttest.FirstApiTest -->
