<?xml version="1.0" encoding="UTF-8"?>
<!-- Generated by org.testng.reporters.JUnitReportReporter -->
<testsuite hostname="DESKTOP-RVSID1U" failures="0" tests="3" name="com.apiautomation.firsttest.FirstApiTest" time="5.021" errors="0" timestamp="2023-04-26T14:33:15 IST" skipped="0">
  <testcase classname="com.apiautomation.firsttest.FirstApiTest" name="testPost" time="0.779"/>
  <system-out/>
  <testcase classname="com.apiautomation.firsttest.FirstApiTest" name="testGet" time="1.496"/>
  <system-out/>
  <testcase classname="com.apiautomation.firsttest.FirstApiTest" name="firstTest" time="2.746"/>
  <system-out/>
</testsuite> <!-- com.apiautomation.firsttest.FirstApiTest -->
